<?xml version="1.0" encoding="UTF-8"?>
<testsuite xmlns:xsi="http://www.w3.org/2001/XMLSchema-instance" xsi:noNamespaceSchemaLocation="https://maven.apache.org/surefire/maven-surefire-plugin/xsd/surefire-test-report-3.0.xsd" version="3.0" name="todo.TaskStatusTest" time="0.003" tests="4" errors="0" skipped="0" failures="0">
  <properties>
[...]
</properties>
  <testcase name="codesAreUnique" classname="todo.TaskStatusTest" time="0"/>
  <testcase name="codesAreCorrect" classname="todo.TaskStatusTest" time="0.001"/>
  <testcase name="fromCodeMapping" classname="todo.TaskStatusTest" time="0"/>
  <testcase name="toStringIsFriendly" classname="todo.TaskStatusTest" time="0.001"/>
</testsuite>